Apache Ant version 1.7.1 compiled on August 24 2010
Buildfile: Top.xml
Detected Java version: 1.6 in: /usr/lib/jvm/java-1.6.0-openjdk-1.6.0.36.x86_64/jre
Detected OS: Linux
parsing buildfile /hd/kunle/users/rdaly525/develop/lineBuffer/RunRules/Simulation/Top.xml with URI = file:/hd/kunle/users/rdaly525/develop/lineBuffer/RunRules/Simulation/Top.xml
Project base dir set to: /hd/kunle/users/rdaly525/develop/lineBuffer/EngineCode
[antlib:org.apache.tools.ant] Could not load definitions from resource org/apache/tools/ant/antlib.xml. It could not be found.
 [property] Loading Environment env.
Property "-*-command-variables-*-" has not been set
Property "env.MAXCOMPILERJCP" has not been set
Build sequence for target(s) `run' is [build, run]
Complete build sequence is [build, run, help, clean, all, jar, ]

build:
Detected Java version: 1.6 in: /usr/lib/jvm/java-1.6.0-openjdk-1.6.0.36.x86_64/jre
Detected OS: Linux
      [ant] calling target(s) [default] in build file /hd/kunle/users/rdaly525/develop/lineBuffer/RunRules/Simulation/LineBuffer_Build.xml
parsing buildfile /hd/kunle/users/rdaly525/develop/lineBuffer/RunRules/Simulation/LineBuffer_Build.xml with URI = file:/hd/kunle/users/rdaly525/develop/lineBuffer/RunRules/Simulation/LineBuffer_Build.xml
Project base dir set to: /hd/kunle/users/rdaly525/develop/lineBuffer/EngineCode
 [property] Loading Environment env.
Property "-*-command-variables-*-" has not been set
Property "env.MAXCOMPILERJCP" has not been set
      [ant] Entering /hd/kunle/users/rdaly525/develop/lineBuffer/RunRules/Simulation/LineBuffer_Build.xml...
Build sequence for target(s) `all' is [clean, build, all]
Complete build sequence is [clean, build, all, ]

clean:
   [delete] Deleting directory /hd/kunle/users/rdaly525/develop/lineBuffer/RunRules/Simulation/dist
   [delete] Deleting /hd/kunle/users/rdaly525/develop/lineBuffer/RunRules/Simulation/dist/bin/linebuffer/TopKernel.class
   [delete] Deleting /hd/kunle/users/rdaly525/develop/lineBuffer/RunRules/Simulation/dist/bin/linebuffer/TopManager.class
   [delete] Deleting /hd/kunle/users/rdaly525/develop/lineBuffer/RunRules/Simulation/dist/bin/linebuffer/FifoCntSM.class
   [delete] Deleting /hd/kunle/users/rdaly525/develop/lineBuffer/RunRules/Simulation/dist/bin/linebuffer/LineBuffer.class
   [delete] Deleting /hd/kunle/users/rdaly525/develop/lineBuffer/RunRules/Simulation/dist/bin/linebuffer/LineBufferSM.class
   [delete] Deleting /hd/kunle/users/rdaly525/develop/lineBuffer/RunRules/Simulation/dist/bin/linebuffer/LineBufferSM$States.class
   [delete] Deleting /hd/kunle/users/rdaly525/develop/lineBuffer/RunRules/Simulation/dist/bin/linebuffer/ReaderKernel.class
   [delete] Deleting /hd/kunle/users/rdaly525/develop/lineBuffer/RunRules/Simulation/dist/bin/linebuffer/ReadWriteSM$States.class
   [delete] Deleting /hd/kunle/users/rdaly525/develop/lineBuffer/RunRules/Simulation/dist/bin/linebuffer/ReadWriteSM.class
   [delete] Deleting /hd/kunle/users/rdaly525/develop/lineBuffer/RunRules/Simulation/dist/bin/linebuffer/WriterKernel.class
   [delete] Deleting directory /hd/kunle/users/rdaly525/develop/lineBuffer/RunRules/Simulation/dist/bin/linebuffer
   [delete] Deleting directory /hd/kunle/users/rdaly525/develop/lineBuffer/RunRules/Simulation/dist/bin
   [delete] Deleting directory /hd/kunle/users/rdaly525/develop/lineBuffer/RunRules/Simulation/dist

build:
    [mkdir] Created dir: /hd/kunle/users/rdaly525/develop/lineBuffer/RunRules/Simulation/dist
    [mkdir] Created dir: /hd/kunle/users/rdaly525/develop/lineBuffer/RunRules/Simulation/dist/bin
     [copy] No sources found.
[maxjcompiler] 
[maxjcompiler] 
[maxjcompiler] Compiling to folder /hd/kunle/users/rdaly525/develop/lineBuffer/RunRules/Simulation/dist/bin
[maxjcompiler] 
[maxjcompiler] Compiling files and folders:
[maxjcompiler] /hd/kunle/users/rdaly525/develop/lineBuffer/EngineCode/src
[maxjcompiler] 
[maxjcompiler] Compiler options:
[maxjcompiler] -noExit
[maxjcompiler] -classpath
[maxjcompiler] /opt/maxeler/maxcompiler-2014.1/lib/MaxCompiler.jar
[maxjcompiler] -d
[maxjcompiler] /hd/kunle/users/rdaly525/develop/lineBuffer/RunRules/Simulation/dist/bin
[maxjcompiler] ----------
[maxjcompiler] 1. WARNING in /hd/kunle/users/rdaly525/develop/lineBuffer/EngineCode/src/engine/TopKernel.maxj (at line 13)
[maxjcompiler] 	import com.maxeler.maxcompiler.v2.kernelcompiler.stdlib.core.Stream.OffsetExpr;
[maxjcompiler] 	       ^^^^^^^^^^^^^^^^^^^^^^^^^^^^^^^^^^^^^^^^^^^^^^^^^^^^^^^^^^^^^^^^^^^^^^^
[maxjcompiler] The import com.maxeler.maxcompiler.v2.kernelcompiler.stdlib.core.Stream.OffsetExpr is never used
[maxjcompiler] ----------
[maxjcompiler] 2. WARNING in /hd/kunle/users/rdaly525/develop/lineBuffer/EngineCode/src/engine/TopKernel.maxj (at line 16)
[maxjcompiler] 	import com.maxeler.maxcompiler.v2.kernelcompiler.stdlib.core.CounterChain;
[maxjcompiler] 	       ^^^^^^^^^^^^^^^^^^^^^^^^^^^^^^^^^^^^^^^^^^^^^^^^^^^^^^^^^^^^^^^^^^
[maxjcompiler] The import com.maxeler.maxcompiler.v2.kernelcompiler.stdlib.core.CounterChain is never used
[maxjcompiler] ----------
[maxjcompiler] 3. WARNING in /hd/kunle/users/rdaly525/develop/lineBuffer/EngineCode/src/engine/TopKernel.maxj (at line 19)
[maxjcompiler] 	import com.maxeler.maxcompiler.v2.kernelcompiler.stdlib.LMemCommandStream;
[maxjcompiler] 	       ^^^^^^^^^^^^^^^^^^^^^^^^^^^^^^^^^^^^^^^^^^^^^^^^^^^^^^^^^^^^^^^^^^
[maxjcompiler] The import com.maxeler.maxcompiler.v2.kernelcompiler.stdlib.LMemCommandStream is never used
[maxjcompiler] ----------
[maxjcompiler] 4. WARNING in /hd/kunle/users/rdaly525/develop/lineBuffer/EngineCode/src/engine/TopKernel.maxj (at line 20)
[maxjcompiler] 	import com.maxeler.maxcompiler.v2.managers.engine_interfaces.CPUTypes;
[maxjcompiler] 	       ^^^^^^^^^^^^^^^^^^^^^^^^^^^^^^^^^^^^^^^^^^^^^^^^^^^^^^^^^^^^^^
[maxjcompiler] The import com.maxeler.maxcompiler.v2.managers.engine_interfaces.CPUTypes is never used
[maxjcompiler] ----------
[maxjcompiler] ----------
[maxjcompiler] 5. WARNING in /hd/kunle/users/rdaly525/develop/lineBuffer/EngineCode/src/templates/FifoCntSM.maxj (at line 14)
[maxjcompiler] 	import com.maxeler.maxcompiler.v2.statemachine.DFEsmStateEnum;
[maxjcompiler] 	       ^^^^^^^^^^^^^^^^^^^^^^^^^^^^^^^^^^^^^^^^^^^^^^^^^^^^^^
[maxjcompiler] The import com.maxeler.maxcompiler.v2.statemachine.DFEsmStateEnum is never used
[maxjcompiler] ----------
[maxjcompiler] 6. WARNING in /hd/kunle/users/rdaly525/develop/lineBuffer/EngineCode/src/templates/FifoCntSM.maxj (at line 18)
[maxjcompiler] 	import com.maxeler.maxcompiler.v2.kernelcompiler.types.base.DFEVar;
[maxjcompiler] 	       ^^^^^^^^^^^^^^^^^^^^^^^^^^^^^^^^^^^^^^^^^^^^^^^^^^^^^^^^^^^
[maxjcompiler] The import com.maxeler.maxcompiler.v2.kernelcompiler.types.base.DFEVar is never used
[maxjcompiler] ----------
[maxjcompiler] 7. WARNING in /hd/kunle/users/rdaly525/develop/lineBuffer/EngineCode/src/templates/FifoCntSM.maxj (at line 19)
[maxjcompiler] 	import com.maxeler.maxcompiler.v2.kernelcompiler.stdlib.core.CounterChain;
[maxjcompiler] 	       ^^^^^^^^^^^^^^^^^^^^^^^^^^^^^^^^^^^^^^^^^^^^^^^^^^^^^^^^^^^^^^^^^^
[maxjcompiler] The import com.maxeler.maxcompiler.v2.kernelcompiler.stdlib.core.CounterChain is never used
[maxjcompiler] ----------
[maxjcompiler] ----------
[maxjcompiler] 8. WARNING in /hd/kunle/users/rdaly525/develop/lineBuffer/EngineCode/src/templates/LineBufferLib.maxj (at line 12)
[maxjcompiler] 	import com.maxeler.maxcompiler.v2.kernelcompiler.KernelParameters;
[maxjcompiler] 	       ^^^^^^^^^^^^^^^^^^^^^^^^^^^^^^^^^^^^^^^^^^^^^^^^^^^^^^^^^^
[maxjcompiler] The import com.maxeler.maxcompiler.v2.kernelcompiler.KernelParameters is never used
[maxjcompiler] ----------
[maxjcompiler] 9. WARNING in /hd/kunle/users/rdaly525/develop/lineBuffer/EngineCode/src/templates/LineBufferLib.maxj (at line 16)
[maxjcompiler] 	import com.maxeler.maxcompiler.v2.kernelcompiler.stdlib.core.CounterChain;
[maxjcompiler] 	       ^^^^^^^^^^^^^^^^^^^^^^^^^^^^^^^^^^^^^^^^^^^^^^^^^^^^^^^^^^^^^^^^^^
[maxjcompiler] The import com.maxeler.maxcompiler.v2.kernelcompiler.stdlib.core.CounterChain is never used
[maxjcompiler] ----------
[maxjcompiler] 10. WARNING in /hd/kunle/users/rdaly525/develop/lineBuffer/EngineCode/src/templates/LineBufferLib.maxj (at line 20)
[maxjcompiler] 	import com.maxeler.maxcompiler.v2.kernelcompiler.stdlib.LMemCommandStream;
[maxjcompiler] 	       ^^^^^^^^^^^^^^^^^^^^^^^^^^^^^^^^^^^^^^^^^^^^^^^^^^^^^^^^^^^^^^^^^^
[maxjcompiler] The import com.maxeler.maxcompiler.v2.kernelcompiler.stdlib.LMemCommandStream is never used
[maxjcompiler] ----------
[maxjcompiler] 11. WARNING in /hd/kunle/users/rdaly525/develop/lineBuffer/EngineCode/src/templates/LineBufferLib.maxj (at line 22)
[maxjcompiler] 	import com.maxeler.maxcompiler.v2.kernelcompiler.stdlib.core.Mem;
[maxjcompiler] 	       ^^^^^^^^^^^^^^^^^^^^^^^^^^^^^^^^^^^^^^^^^^^^^^^^^^^^^^^^^
[maxjcompiler] The import com.maxeler.maxcompiler.v2.kernelcompiler.stdlib.core.Mem is never used
[maxjcompiler] ----------
[maxjcompiler] 12. WARNING in /hd/kunle/users/rdaly525/develop/lineBuffer/EngineCode/src/templates/LineBufferLib.maxj (at line 23)
[maxjcompiler] 	import com.maxeler.maxcompiler.v2.managers.engine_interfaces.CPUTypes;
[maxjcompiler] 	       ^^^^^^^^^^^^^^^^^^^^^^^^^^^^^^^^^^^^^^^^^^^^^^^^^^^^^^^^^^^^^^
[maxjcompiler] The import com.maxeler.maxcompiler.v2.managers.engine_interfaces.CPUTypes is never used
[maxjcompiler] ----------
[maxjcompiler] 13. WARNING in /hd/kunle/users/rdaly525/develop/lineBuffer/EngineCode/src/templates/LineBufferLib.maxj (at line 165)
[maxjcompiler] 	DFEVar stencil2outfifo_ready = dfeBool().newInstance(this);
[maxjcompiler] 	       ^^^^^^^^^^^^^^^^^^^^^
[maxjcompiler] The local variable stencil2outfifo_ready is never read
[maxjcompiler] ----------
[maxjcompiler] 14. WARNING in /hd/kunle/users/rdaly525/develop/lineBuffer/EngineCode/src/templates/LineBufferLib.maxj (at line 180)
[maxjcompiler] 	Queue<DFEVar>[] outfifo = new Queue[kH*kW];
[maxjcompiler] 	                          ^^^^^^^^^^^^^^^^
[maxjcompiler] Type safety: The expression of type Queue[] needs unchecked conversion to conform to Queue<DFEVar>[]
[maxjcompiler] ----------
[maxjcompiler] ----------
[maxjcompiler] 15. WARNING in /hd/kunle/users/rdaly525/develop/lineBuffer/EngineCode/src/templates/LineBufferSM.maxj (at line 18)
[maxjcompiler] 	import com.maxeler.maxcompiler.v2.kernelcompiler.types.base.DFEVar;
[maxjcompiler] 	       ^^^^^^^^^^^^^^^^^^^^^^^^^^^^^^^^^^^^^^^^^^^^^^^^^^^^^^^^^^^
[maxjcompiler] The import com.maxeler.maxcompiler.v2.kernelcompiler.types.base.DFEVar is never used
[maxjcompiler] ----------
[maxjcompiler] 16. WARNING in /hd/kunle/users/rdaly525/develop/lineBuffer/EngineCode/src/templates/LineBufferSM.maxj (at line 19)
[maxjcompiler] 	import com.maxeler.maxcompiler.v2.kernelcompiler.stdlib.core.CounterChain;
[maxjcompiler] 	       ^^^^^^^^^^^^^^^^^^^^^^^^^^^^^^^^^^^^^^^^^^^^^^^^^^^^^^^^^^^^^^^^^^
[maxjcompiler] The import com.maxeler.maxcompiler.v2.kernelcompiler.stdlib.core.CounterChain is never used
[maxjcompiler] ----------
[maxjcompiler] ----------
[maxjcompiler] 17. WARNING in /hd/kunle/users/rdaly525/develop/lineBuffer/EngineCode/src/templates/ReaderKernelLib.maxj (at line 12)
[maxjcompiler] 	import com.maxeler.maxcompiler.v2.kernelcompiler.KernelParameters;
[maxjcompiler] 	       ^^^^^^^^^^^^^^^^^^^^^^^^^^^^^^^^^^^^^^^^^^^^^^^^^^^^^^^^^^
[maxjcompiler] The import com.maxeler.maxcompiler.v2.kernelcompiler.KernelParameters is never used
[maxjcompiler] ----------
[maxjcompiler] 18. WARNING in /hd/kunle/users/rdaly525/develop/lineBuffer/EngineCode/src/templates/ReaderKernelLib.maxj (at line 13)
[maxjcompiler] 	import com.maxeler.maxcompiler.v2.kernelcompiler.stdlib.core.Stream.OffsetExpr;
[maxjcompiler] 	       ^^^^^^^^^^^^^^^^^^^^^^^^^^^^^^^^^^^^^^^^^^^^^^^^^^^^^^^^^^^^^^^^^^^^^^^
[maxjcompiler] The import com.maxeler.maxcompiler.v2.kernelcompiler.stdlib.core.Stream.OffsetExpr is never used
[maxjcompiler] ----------
[maxjcompiler] 19. WARNING in /hd/kunle/users/rdaly525/develop/lineBuffer/EngineCode/src/templates/ReaderKernelLib.maxj (at line 16)
[maxjcompiler] 	import com.maxeler.maxcompiler.v2.kernelcompiler.stdlib.core.CounterChain;
[maxjcompiler] 	       ^^^^^^^^^^^^^^^^^^^^^^^^^^^^^^^^^^^^^^^^^^^^^^^^^^^^^^^^^^^^^^^^^^
[maxjcompiler] The import com.maxeler.maxcompiler.v2.kernelcompiler.stdlib.core.CounterChain is never used
[maxjcompiler] ----------
[maxjcompiler] 20. WARNING in /hd/kunle/users/rdaly525/develop/lineBuffer/EngineCode/src/templates/ReaderKernelLib.maxj (at line 20)
[maxjcompiler] 	import com.maxeler.maxcompiler.v2.kernelcompiler.stdlib.LMemCommandStream;
[maxjcompiler] 	       ^^^^^^^^^^^^^^^^^^^^^^^^^^^^^^^^^^^^^^^^^^^^^^^^^^^^^^^^^^^^^^^^^^
[maxjcompiler] The import com.maxeler.maxcompiler.v2.kernelcompiler.stdlib.LMemCommandStream is never used
[maxjcompiler] ----------
[maxjcompiler] 21. WARNING in /hd/kunle/users/rdaly525/develop/lineBuffer/EngineCode/src/templates/ReaderKernelLib.maxj (at line 21)
[maxjcompiler] 	import com.maxeler.maxcompiler.v2.managers.engine_interfaces.CPUTypes;
[maxjcompiler] 	       ^^^^^^^^^^^^^^^^^^^^^^^^^^^^^^^^^^^^^^^^^^^^^^^^^^^^^^^^^^^^^^
[maxjcompiler] The import com.maxeler.maxcompiler.v2.managers.engine_interfaces.CPUTypes is never used
[maxjcompiler] ----------
[maxjcompiler] ----------
[maxjcompiler] 22. WARNING in /hd/kunle/users/rdaly525/develop/lineBuffer/EngineCode/src/templates/ReadWriteSM.maxj (at line 18)
[maxjcompiler] 	import com.maxeler.maxcompiler.v2.kernelcompiler.types.base.DFEVar;
[maxjcompiler] 	       ^^^^^^^^^^^^^^^^^^^^^^^^^^^^^^^^^^^^^^^^^^^^^^^^^^^^^^^^^^^
[maxjcompiler] The import com.maxeler.maxcompiler.v2.kernelcompiler.types.base.DFEVar is never used
[maxjcompiler] ----------
[maxjcompiler] 23. WARNING in /hd/kunle/users/rdaly525/develop/lineBuffer/EngineCode/src/templates/ReadWriteSM.maxj (at line 19)
[maxjcompiler] 	import com.maxeler.maxcompiler.v2.kernelcompiler.stdlib.core.CounterChain;
[maxjcompiler] 	       ^^^^^^^^^^^^^^^^^^^^^^^^^^^^^^^^^^^^^^^^^^^^^^^^^^^^^^^^^^^^^^^^^^
[maxjcompiler] The import com.maxeler.maxcompiler.v2.kernelcompiler.stdlib.core.CounterChain is never used
[maxjcompiler] ----------
[maxjcompiler] ----------
[maxjcompiler] 24. WARNING in /hd/kunle/users/rdaly525/develop/lineBuffer/EngineCode/src/templates/WriterKernelLib.maxj (at line 12)
[maxjcompiler] 	import com.maxeler.maxcompiler.v2.kernelcompiler.KernelParameters;
[maxjcompiler] 	       ^^^^^^^^^^^^^^^^^^^^^^^^^^^^^^^^^^^^^^^^^^^^^^^^^^^^^^^^^^
[maxjcompiler] The import com.maxeler.maxcompiler.v2.kernelcompiler.KernelParameters is never used
[maxjcompiler] ----------
[maxjcompiler] 25. WARNING in /hd/kunle/users/rdaly525/develop/lineBuffer/EngineCode/src/templates/WriterKernelLib.maxj (at line 13)
[maxjcompiler] 	import com.maxeler.maxcompiler.v2.kernelcompiler.stdlib.core.Stream.OffsetExpr;
[maxjcompiler] 	       ^^^^^^^^^^^^^^^^^^^^^^^^^^^^^^^^^^^^^^^^^^^^^^^^^^^^^^^^^^^^^^^^^^^^^^^
[maxjcompiler] The import com.maxeler.maxcompiler.v2.kernelcompiler.stdlib.core.Stream.OffsetExpr is never used
[maxjcompiler] ----------
[maxjcompiler] 26. WARNING in /hd/kunle/users/rdaly525/develop/lineBuffer/EngineCode/src/templates/WriterKernelLib.maxj (at line 16)
[maxjcompiler] 	import com.maxeler.maxcompiler.v2.kernelcompiler.stdlib.core.CounterChain;
[maxjcompiler] 	       ^^^^^^^^^^^^^^^^^^^^^^^^^^^^^^^^^^^^^^^^^^^^^^^^^^^^^^^^^^^^^^^^^^
[maxjcompiler] The import com.maxeler.maxcompiler.v2.kernelcompiler.stdlib.core.CounterChain is never used
[maxjcompiler] ----------
[maxjcompiler] 27. WARNING in /hd/kunle/users/rdaly525/develop/lineBuffer/EngineCode/src/templates/WriterKernelLib.maxj (at line 20)
[maxjcompiler] 	import com.maxeler.maxcompiler.v2.kernelcompiler.stdlib.LMemCommandStream;
[maxjcompiler] 	       ^^^^^^^^^^^^^^^^^^^^^^^^^^^^^^^^^^^^^^^^^^^^^^^^^^^^^^^^^^^^^^^^^^
[maxjcompiler] The import com.maxeler.maxcompiler.v2.kernelcompiler.stdlib.LMemCommandStream is never used
[maxjcompiler] ----------
[maxjcompiler] 28. WARNING in /hd/kunle/users/rdaly525/develop/lineBuffer/EngineCode/src/templates/WriterKernelLib.maxj (at line 21)
[maxjcompiler] 	import com.maxeler.maxcompiler.v2.managers.engine_interfaces.CPUTypes;
[maxjcompiler] 	       ^^^^^^^^^^^^^^^^^^^^^^^^^^^^^^^^^^^^^^^^^^^^^^^^^^^^^^^^^^^^^^
[maxjcompiler] The import com.maxeler.maxcompiler.v2.managers.engine_interfaces.CPUTypes is never used
[maxjcompiler] ----------
[maxjcompiler] 28 problems (28 warnings)

all:
      [ant] Exiting /hd/kunle/users/rdaly525/develop/lineBuffer/RunRules/Simulation/LineBuffer_Build.xml.

run:
     [java] Executing '/usr/lib/jvm/java-1.6.0-openjdk-1.6.0.36.x86_64/jre/bin/java' with arguments:
     [java] '-Xmx2048m'
     [java] '-classpath'
     [java] '/hd/kunle/users/rdaly525/develop/lineBuffer/RunRules/Simulation/dist/bin:/opt/maxeler/maxcompiler-2014.1/lib/MaxCompiler.jar'
     [java] 'linebuffer.TopManager'
     [java] 
     [java] The ' characters around the executable and arguments are
     [java] not part of the command.
     [java] Setting environment variable: MAXSOURCEDIRS=src
     [java] Thu 01:34: MaxCompiler version: 2014.1
     [java] Thu 01:34: Build "Top" start time: Thu Apr 14 01:34:05 PDT 2016
     [java] Thu 01:34: Main build process running as user rdaly525 on host max-2.Stanford.EDU
     [java] Thu 01:34: Build location: /hd/kunle/users/rdaly525/develop/lineBuffer/RunRules/Simulation/maxfiles/Top_VECTIS_DFE_SIM
     [java] Thu 01:34: Detailed build log available in "_build.log"
     [java] Thu 01:34: 
     [java] Thu 01:34: ENGINE BUILD PARAMETERS
     [java] Thu 01:34: 	 Build name: Top_VECTIS_DFE_SIM
     [java] Thu 01:34: 	   DFEModel: VECTIS            
     [java] Thu 01:34: 	maxFileName: Top               
     [java] Thu 01:34: 	     target: DFE_SIM           
     [java] Thu 01:34: 	 enableMPCX: false             
     [java] Thu 01:34: Instantiating kernel "TopKernel"
     [java] Thu 01:34: 
     [java] Thu 01:34: Compiling kernel "TopKernel"
     [java] Thu 01:34: WARNING: Warning (UNCONNECTED_DESIGN_ELEMENT):
     [java] Thu 01:34: WARNING: Unconnected elements in design 'TopKernel'
     [java] Thu 01:34: WARNING: details in : /hd/kunle/users/rdaly525/develop/lineBuffer/RunRules/Simulation/maxfiles/Top_VECTIS_DFE_SIM/scratch/TopKernel_graph_warnings.txt
     [java] Thu 01:34: Running back-end simulation build (3 phases)
     [java] Thu 01:34: (1/3) - Prepare MaxFile Data (GenerateMaxFileDataFile)
     [java] Thu 01:34: (2/3) - Compile Simulation Modules (SimCompilePass)
     [java] Thu 01:34: (3/3) - Generate MaxFile (AddSimObjectToMaxFilePass)
     [java] Thu 01:34: MaxFile: /hd/kunle/users/rdaly525/develop/lineBuffer/RunRules/Simulation/maxfiles/Top_VECTIS_DFE_SIM/results/Top.max (MD5Sum: 84200565d02999d7ec42810afa3b3856)
     [java] Thu 01:34: Build completed: Thu Apr 14 01:34:37 PDT 2016 (took 31 secs)

BUILD SUCCESSFUL
Total time: 32 seconds
